miniweather_mpi.c: In function ‘halo_exchange’:
miniweather_mpi.c:35:15: warning: unused variable ‘sx’ [-Wunused-variable]
   35 |     const int sx = lx + 2;
      |               ^~
miniweather_mpi.c: In function ‘step_update’:
miniweather_mpi.c:48:15: warning: unused variable ‘sx’ [-Wunused-variable]
   48 |     const int sx = lx + 2;
      |               ^~
miniweather_mpi.c: In function ‘main’:
miniweather_mpi.c:135:19: warning: unused variable ‘sx’ [-Wunused-variable]
  135 |         const int sx = lx + 2;
      |                   ^~
make: Warning: File 'miniweather_hybrid' has modification time 0.0022 s in the future
make: warning:  Clock skew detected.  Your build may be incomplete.
miniweather_mpi.c: In function ‘halo_exchange’:
miniweather_mpi.c:35:15: warning: unused variable ‘sx’ [-Wunused-variable]
   35 |     const int sx = lx + 2;
      |               ^~
miniweather_mpi.c: In function ‘step_update’:
miniweather_mpi.c:48:15: warning: unused variable ‘sx’ [-Wunused-variable]
   48 |     const int sx = lx + 2;
      |               ^~
miniweather_mpi.c: In function ‘main’:
miniweather_mpi.c:135:19: warning: unused variable ‘sx’ [-Wunused-variable]
  135 |         const int sx = lx + 2;
      |                   ^~
miniweather_hybrid.c: In function ‘halo_exchange’:
miniweather_hybrid.c:41:15: warning: unused variable ‘sx’ [-Wunused-variable]
   41 |     const int sx = lx + 2;
      |               ^~
miniweather_hybrid.c: In function ‘step_update’:
miniweather_hybrid.c:54:15: warning: unused variable ‘sx’ [-Wunused-variable]
   54 |     const int sx = lx + 2;
      |               ^~
miniweather_hybrid.c: In function ‘main’:
miniweather_hybrid.c:146:19: warning: unused variable ‘sx’ [-Wunused-variable]
  146 |         const int sx = lx + 2;
      |                   ^~
cp: cannot stat 'src/miniweather_mpi': No such file or directory
