/var/spool/slurmd/job02995/slurm_script: line 7: export: `=': not a valid identifier
/var/spool/slurmd/job02995/slurm_script: line 7: export: `1': not a valid identifier
make: Entering directory '/home/user22/MiniWeatherApp-2/src'
rm -f miniweather_serial miniweather_openmp miniweather_mpi *.o
make: Leaving directory '/home/user22/MiniWeatherApp-2/src'
make: Entering directory '/home/user22/MiniWeatherApp-2/src'
mpicc -O3 -Wall -fopenmp -DNX=256 -DNY=128 -DNZ=128 -DSTEPS=50 -o miniweather_serial miniweather_serial.c -fopenmp
miniweather_serial.c:4: warning: "NX" redefined
    4 | #define NX 8
      | 
<command-line>: note: this is the location of the previous definition
miniweather_serial.c:5: warning: "NY" redefined
    5 | #define NY 8
      | 
<command-line>: note: this is the location of the previous definition
miniweather_serial.c:6: warning: "NZ" redefined
    6 | #define NZ 8
      | 
<command-line>: note: this is the location of the previous definition
miniweather_serial.c:7: warning: "STEPS" redefined
    7 | #define STEPS 10
      | 
<command-line>: note: this is the location of the previous definition
mpicc -O3 -Wall -fopenmp -DNX=256 -DNY=128 -DNZ=128 -DSTEPS=50 -o miniweather_openmp miniweather_openmp.c -fopenmp
miniweather_openmp.c:5: warning: "NX" redefined
    5 | #define NX 8
      | 
<command-line>: note: this is the location of the previous definition
miniweather_openmp.c:6: warning: "NY" redefined
    6 | #define NY 8
      | 
<command-line>: note: this is the location of the previous definition
miniweather_openmp.c:7: warning: "NZ" redefined
    7 | #define NZ 8
      | 
<command-line>: note: this is the location of the previous definition
miniweather_openmp.c:8: warning: "STEPS" redefined
    8 | #define STEPS 10
      | 
<command-line>: note: this is the location of the previous definition
mpicc -O3 -Wall -fopenmp -DNX=256 -DNY=128 -DNZ=128 -DSTEPS=50 -o miniweather_mpi miniweather_mpi.c -fopenmp
miniweather_mpi.c: In function ‘halo_exchange’:
miniweather_mpi.c:45:13: warning: unused variable ‘sx’ [-Wunused-variable]
   45 |   const int sx = lx + 2;
      |             ^~
miniweather_mpi.c: In function ‘step_update’:
miniweather_mpi.c:61:13: warning: unused variable ‘sx’ [-Wunused-variable]
   61 |   const int sx = lx + 2;
      |             ^~
miniweather_mpi.c: In function ‘main’:
miniweather_mpi.c:146:15: warning: unused variable ‘sx’ [-Wunused-variable]
  146 |     const int sx = lx + 2;
      |               ^~
miniweather_mpi.c:111:13: warning: unused variable ‘gx1’ [-Wunused-variable]
  111 |   const int gx1 = gx0 + lx - 1;                           // ending global X (inclusive)
      |             ^~~
make: Leaving directory '/home/user22/MiniWeatherApp-2/src'
