miniweather_mpi.c: In function ‘halo_exchange’:
miniweather_mpi.c:35:15: warning: unused variable ‘sx’ [-Wunused-variable]
   35 |     const int sx = lx + 2;
      |               ^~
miniweather_mpi.c: In function ‘step_update’:
miniweather_mpi.c:48:15: warning: unused variable ‘sx’ [-Wunused-variable]
   48 |     const int sx = lx + 2;
      |               ^~
miniweather_mpi.c: In function ‘main’:
miniweather_mpi.c:135:19: warning: unused variable ‘sx’ [-Wunused-variable]
  135 |         const int sx = lx + 2;
      |                   ^~
miniweather_mpi.c: In function ‘halo_exchange’:
miniweather_mpi.c:35:15: warning: unused variable ‘sx’ [-Wunused-variable]
   35 |     const int sx = lx + 2;
      |               ^~
miniweather_mpi.c: In function ‘step_update’:
miniweather_mpi.c:48:15: warning: unused variable ‘sx’ [-Wunused-variable]
   48 |     const int sx = lx + 2;
      |               ^~
miniweather_mpi.c: In function ‘main’:
miniweather_mpi.c:135:19: warning: unused variable ‘sx’ [-Wunused-variable]
  135 |         const int sx = lx + 2;
      |                   ^~
