miniweather_serial.c:4: warning: "NX" redefined
    4 | #define NX 8
      | 
<command-line>: note: this is the location of the previous definition
miniweather_serial.c:5: warning: "NY" redefined
    5 | #define NY 8
      | 
<command-line>: note: this is the location of the previous definition
miniweather_serial.c:6: warning: "NZ" redefined
    6 | #define NZ 8
      | 
<command-line>: note: this is the location of the previous definition
miniweather_serial.c:7: warning: "STEPS" redefined
    7 | #define STEPS 10
      | 
<command-line>: note: this is the location of the previous definition
miniweather_openmp.c:5: warning: "NX" redefined
    5 | #define NX 8
      | 
<command-line>: note: this is the location of the previous definition
miniweather_openmp.c:6: warning: "NY" redefined
    6 | #define NY 8
      | 
<command-line>: note: this is the location of the previous definition
miniweather_openmp.c:7: warning: "NZ" redefined
    7 | #define NZ 8
      | 
<command-line>: note: this is the location of the previous definition
miniweather_openmp.c:8: warning: "STEPS" redefined
    8 | #define STEPS 10
      | 
<command-line>: note: this is the location of the previous definition
srun: error: node3: task 0: Exited with exit code 2
slurmstepd: error: execve(): /home/user17/MiniWeatherApp/./src/miniweather_hybrid: No such file or directory
slurmstepd: error: execve(): /home/user17/MiniWeatherApp/./src/miniweather_hybrid: No such file or directory
srun: error: node4: task 1: Exited with exit code 2
