Building for weak scaling: RANKS=1 NX=256 NY=128 NZ=128
make: Entering directory '/home/user07/hpc-work/MiniWeatherApp-1/src'
rm -f miniweather_serial miniweather_openmp miniweather_mpi *.o
make: Leaving directory '/home/user07/hpc-work/MiniWeatherApp-1/src'
make: Entering directory '/home/user07/hpc-work/MiniWeatherApp-1/src'
mpicc -O3 -Wall -fopenmp -DNX=256 -DNY=128 -DNZ=128 -DSTEPS=50 -o miniweather_serial miniweather_serial.c -fopenmp
mpicc -O3 -Wall -fopenmp -DNX=256 -DNY=128 -DNZ=128 -DSTEPS=50 -o miniweather_openmp miniweather_openmp.c -fopenmp
mpicc -O3 -Wall -fopenmp -DNX=256 -DNY=128 -DNZ=128 -DSTEPS=50 -o miniweather_mpi miniweather_mpi.c -fopenmp
make: Leaving directory '/home/user07/hpc-work/MiniWeatherApp-1/src'
Building for weak scaling: RANKS=2 NX=512 NY=128 NZ=128
make: Entering directory '/home/user07/hpc-work/MiniWeatherApp-1/src'
rm -f miniweather_serial miniweather_openmp miniweather_mpi *.o
make: Leaving directory '/home/user07/hpc-work/MiniWeatherApp-1/src'
make: Entering directory '/home/user07/hpc-work/MiniWeatherApp-1/src'
mpicc -O3 -Wall -fopenmp -DNX=512 -DNY=128 -DNZ=128 -DSTEPS=50 -o miniweather_serial miniweather_serial.c -fopenmp
mpicc -O3 -Wall -fopenmp -DNX=512 -DNY=128 -DNZ=128 -DSTEPS=50 -o miniweather_openmp miniweather_openmp.c -fopenmp
mpicc -O3 -Wall -fopenmp -DNX=512 -DNY=128 -DNZ=128 -DSTEPS=50 -o miniweather_mpi miniweather_mpi.c -fopenmp
make: Leaving directory '/home/user07/hpc-work/MiniWeatherApp-1/src'
Building for weak scaling: RANKS=4 NX=1024 NY=128 NZ=128
make: Entering directory '/home/user07/hpc-work/MiniWeatherApp-1/src'
rm -f miniweather_serial miniweather_openmp miniweather_mpi *.o
make: Leaving directory '/home/user07/hpc-work/MiniWeatherApp-1/src'
make: Entering directory '/home/user07/hpc-work/MiniWeatherApp-1/src'
mpicc -O3 -Wall -fopenmp -DNX=1024 -DNY=128 -DNZ=128 -DSTEPS=50 -o miniweather_serial miniweather_serial.c -fopenmp
mpicc -O3 -Wall -fopenmp -DNX=1024 -DNY=128 -DNZ=128 -DSTEPS=50 -o miniweather_openmp miniweather_openmp.c -fopenmp
mpicc -O3 -Wall -fopenmp -DNX=1024 -DNY=128 -DNZ=128 -DSTEPS=50 -o miniweather_mpi miniweather_mpi.c -fopenmp
make: Leaving directory '/home/user07/hpc-work/MiniWeatherApp-1/src'
